2022-05-26 02:35:39.246 [  ]  INFO 6200 --- [  restartedMain] c.r.LogAggregationDemoApplication        : Starting LogAggregationDemoApplication using Java 1.8.0_202 on TUFAILA with PID 6200 (E:\Trainings\2022\4.RevatureUS\demos-main\demos-main\week4\LogAggregationDemo\target\classes started by tufai in E:\Trainings\2022\4.RevatureUS\demos-main\demos-main\week4\LogAggregationDemo)
2022-05-26 02:35:41.554 [  ]  INFO 6200 --- [  restartedMain] c.r.LogAggregationDemoApplication        : No active profile set, falling back to default profiles: default
2022-05-26 02:38:10.575 [  ]  INFO 15060 --- [  restartedMain] c.r.LogAggregationDemoApplication        : Starting LogAggregationDemoApplication using Java 1.8.0_202 on TUFAILA with PID 15060 (E:\Trainings\2022\4.RevatureUS\demos-main\demos-main\week4\LogAggregationDemo\target\classes started by tufai in E:\Trainings\2022\4.RevatureUS\demos-main\demos-main\week4\LogAggregationDemo)
2022-05-26 02:38:12.629 [  ]  INFO 15060 --- [  restartedMain] c.r.LogAggregationDemoApplication        : No active profile set, falling back to default profiles: default
2022-05-26 02:40:21.582 [  ]  INFO 984 --- [  restartedMain] c.r.LogAggregationDemoApplication        : Starting LogAggregationDemoApplication using Java 1.8.0_202 on TUFAILA with PID 984 (E:\Trainings\2022\4.RevatureUS\demos-main\demos-main\week4\LogAggregationDemo\target\classes started by tufai in E:\Trainings\2022\4.RevatureUS\demos-main\demos-main\week4\LogAggregationDemo)
2022-05-26 02:40:23.643 [  ]  INFO 984 --- [  restartedMain] c.r.LogAggregationDemoApplication        : No active profile set, falling back to default profiles: default
2022-05-26 02:40:35.369 [  ]  INFO 984 --- [  restartedMain] c.r.LogAggregationDemoApplication        : Started LogAggregationDemoApplication in 16.961 seconds (JVM running for 18.485)
2022-05-26 02:46:28.234 [  ]  INFO 20404 --- [  restartedMain] c.r.LogAggregationDemoApplication        : Starting LogAggregationDemoApplication using Java 1.8.0_202 on TUFAILA with PID 20404 (E:\Trainings\2022\4.RevatureUS\demos-main\demos-main\week4\LogAggregationDemo\target\classes started by tufai in E:\Trainings\2022\4.RevatureUS\demos-main\demos-main\week4\LogAggregationDemo)
2022-05-26 02:46:30.280 [  ]  INFO 20404 --- [  restartedMain] c.r.LogAggregationDemoApplication        : No active profile set, falling back to default profiles: default
2022-05-26 02:46:42.095 [  ]  INFO 20404 --- [  restartedMain] c.r.LogAggregationDemoApplication        : Started LogAggregationDemoApplication in 16.544 seconds (JVM running for 18.003)
2022-05-26 02:49:36.472 [ duration=1425, requestId=b8ac22de-f457-4790-87e8-4e008589dd82 ]  INFO 20404 --- [nio-8080-exec-1] com.revature.filters.DurationFilter      : Request has finished processing and took 1425 ms
2022-05-26 03:12:15.441 [ duration=9, requestId=594af3d1-b802-4daa-8848-182389be42de ]  INFO 20404 --- [nio-8080-exec-4] com.revature.filters.DurationFilter      : Request has finished processing and took 9 ms
2022-05-26 03:18:34.263 [ duration=18, requestId=a233a1fd-9d7b-4553-a4c4-b85e190fbec0 ]  INFO 20404 --- [nio-8080-exec-8] com.revature.filters.DurationFilter      : Request has finished processing and took 18 ms
2022-05-26 03:21:34.455 [ duration=11, requestId=10e96418-473a-4dae-97f6-23e651fda467 ]  INFO 20404 --- [nio-8080-exec-9] com.revature.filters.DurationFilter      : Request has finished processing and took 11 ms
2022-05-26 03:21:36.695 [ duration=29, requestId=1a47f4a5-7342-4f3a-bc35-f927f9beb7b7 ]  INFO 20404 --- [io-8080-exec-10] com.revature.filters.DurationFilter      : Request has finished processing and took 29 ms
2022-05-26 03:22:14.475 [ duration=2, requestId=268f8d31-69c2-451f-a697-c813dc66853e ]  INFO 20404 --- [nio-8080-exec-3] com.revature.filters.DurationFilter      : Request has finished processing and took 2 ms
2022-05-28 20:25:31.756 [  ]  INFO 12708 --- [  restartedMain] c.r.LogAggregationDemoApplication        : Starting LogAggregationDemoApplication using Java 11.0.14 on DESKTOP-KGEO7D0 with PID 12708 (C:\Users\Andrew Anderson\Dropbox\Revature\p1\logaggregationdemo\target\classes started by Andrew Anderson in c:\Users\Andrew Anderson\Dropbox\Revature\p1\logaggregationdemo)
2022-05-28 20:25:33.814 [  ]  INFO 12708 --- [  restartedMain] c.r.LogAggregationDemoApplication        : No active profile set, falling back to default profiles: default
2022-05-28 20:25:47.610 [  ]  INFO 12708 --- [  restartedMain] c.r.LogAggregationDemoApplication        : Started LogAggregationDemoApplication in 19.068 seconds (JVM running for 21.845)
2022-05-30 21:54:00.833 [  ]  INFO 15880 --- [  restartedMain] c.r.LogAggregationDemoApplication        : Starting LogAggregationDemoApplication using Java 11.0.14 on DESKTOP-KGEO7D0 with PID 15880 (C:\Users\Andrew Anderson\Dropbox\Revature\p1\logaggregationdemo\target\classes started by Andrew Anderson in c:\Users\Andrew Anderson\Dropbox\Revature\p1\logaggregationdemo)
2022-05-30 21:54:02.886 [  ]  INFO 15880 --- [  restartedMain] c.r.LogAggregationDemoApplication        : No active profile set, falling back to default profiles: default
2022-05-30 21:54:20.393 [  ]  INFO 15880 --- [  restartedMain] c.r.LogAggregationDemoApplication        : Started LogAggregationDemoApplication in 22.844 seconds (JVM running for 26.47)
2022-05-30 21:54:55.642 [ duration=36, requestId=a7a0caf4-cba3-4adc-89bb-1b482a6dc9ec ]  INFO 15880 --- [nio-8080-exec-1] com.revature.filters.DurationFilter      : Request has finished processing and took 36 ms
2022-05-30 21:54:58.122 [ duration=12, requestId=bd9a1e8a-b879-40f7-a9c0-f1ae9d6b16cf ]  INFO 15880 --- [nio-8080-exec-3] com.revature.filters.DurationFilter      : Request has finished processing and took 12 ms
2022-05-30 22:00:59.442 [ duration=118, requestId=8c5091bf-72c0-43e4-ac44-3085d649ced8 ]  INFO 15880 --- [nio-8080-exec-5] com.revature.filters.DurationFilter      : Request has finished processing and took 118 ms
2022-05-30 22:01:41.816 [ duration=7, requestId=711da315-1812-4244-a9b6-ce9fee575e89 ]  INFO 15880 --- [nio-8080-exec-8] com.revature.filters.DurationFilter      : Request has finished processing and took 7 ms
2022-05-30 22:14:22.738 [  ]  INFO 18224 --- [  restartedMain] c.r.LogAggregationDemoApplication        : Starting LogAggregationDemoApplication using Java 11.0.14 on DESKTOP-KGEO7D0 with PID 18224 (C:\Users\Andrew Anderson\Dropbox\Revature\p1\logaggregationdemo\target\classes started by Andrew Anderson in c:\Users\Andrew Anderson\Dropbox\Revature\p1\logaggregationdemo)
2022-05-30 22:14:24.803 [  ]  INFO 18224 --- [  restartedMain] c.r.LogAggregationDemoApplication        : No active profile set, falling back to default profiles: default
2022-05-30 22:14:39.953 [  ]  INFO 18224 --- [  restartedMain] c.r.LogAggregationDemoApplication        : Started LogAggregationDemoApplication in 20.298 seconds (JVM running for 23.276)
2022-05-30 22:20:09.082 [ duration=1457, requestId=c6056ef3-22db-4d91-972d-d7d11125594b ]  INFO 18224 --- [nio-8080-exec-2] com.revature.filters.DurationFilter      : Request has finished processing and took 1457 ms
2022-05-30 22:27:03.620 [  ]  INFO 6808 --- [  restartedMain] c.r.LogAggregationDemoApplication        : Starting LogAggregationDemoApplication using Java 11.0.14 on DESKTOP-KGEO7D0 with PID 6808 (C:\Users\Andrew Anderson\Dropbox\Revature\p1\logaggregationdemo\target\classes started by Andrew Anderson in c:\Users\Andrew Anderson\Dropbox\Revature\p1\logaggregationdemo)
2022-05-30 22:27:05.665 [  ]  INFO 6808 --- [  restartedMain] c.r.LogAggregationDemoApplication        : No active profile set, falling back to default profiles: default
2022-05-30 22:27:29.387 [  ]  INFO 6808 --- [  restartedMain] c.r.LogAggregationDemoApplication        : Started LogAggregationDemoApplication in 28.651 seconds (JVM running for 32.459)
2022-05-30 22:27:40.111 [ duration=499, requestId=05d9200d-1eca-4a8e-ae1e-dcbf71c059da ]  INFO 6808 --- [io-8080-exec-10] com.revature.filters.DurationFilter      : Request has finished processing and took 499 ms
2022-05-30 22:32:00.284 [  ]  INFO 8020 --- [  restartedMain] c.r.LogAggregationDemoApplication        : Starting LogAggregationDemoApplication using Java 11.0.14 on DESKTOP-KGEO7D0 with PID 8020 (C:\Users\Andrew Anderson\Dropbox\Revature\p1\logaggregationdemo\target\classes started by Andrew Anderson in c:\Users\Andrew Anderson\Dropbox\Revature\p1\logaggregationdemo)
2022-05-30 22:32:02.351 [  ]  INFO 8020 --- [  restartedMain] c.r.LogAggregationDemoApplication        : No active profile set, falling back to default profiles: default
2022-05-30 22:32:18.611 [  ]  INFO 8020 --- [  restartedMain] c.r.LogAggregationDemoApplication        : Started LogAggregationDemoApplication in 21.229 seconds (JVM running for 23.84)
2022-05-30 22:34:06.327 [ duration=894, requestId=5ca170ed-3dd1-4679-b0d1-392343486ba3 ]  INFO 8020 --- [nio-8080-exec-1] com.revature.filters.DurationFilter      : Request has finished processing and took 894 ms
2022-05-30 22:41:52.542 [  ]  INFO 16312 --- [  restartedMain] c.r.LogAggregationDemoApplication        : Starting LogAggregationDemoApplication using Java 11.0.14 on DESKTOP-KGEO7D0 with PID 16312 (C:\Users\Andrew Anderson\Dropbox\Revature\p1\logaggregationdemo\target\classes started by Andrew Anderson in c:\Users\Andrew Anderson\Dropbox\Revature\p1\logaggregationdemo)
2022-05-30 22:41:54.863 [  ]  INFO 16312 --- [  restartedMain] c.r.LogAggregationDemoApplication        : No active profile set, falling back to default profiles: default
2022-05-30 22:42:08.833 [  ]  INFO 16312 --- [  restartedMain] c.r.LogAggregationDemoApplication        : Started LogAggregationDemoApplication in 19.808 seconds (JVM running for 22.844)
2022-05-30 22:42:34.368 [ duration=627, requestId=39f76e25-859e-4abe-9bb6-4a82264bb564 ]  INFO 16312 --- [io-8080-exec-10] com.revature.filters.DurationFilter      : Request has finished processing and took 627 ms
2022-05-30 22:43:00.652 [ duration=15, requestId=096af615-515a-4271-8bf4-285128a1f830 ]  INFO 16312 --- [nio-8080-exec-8] com.revature.filters.DurationFilter      : Request has finished processing and took 15 ms
2022-05-30 23:59:26.297 [ duration=1686, requestId=ac90e1ac-604a-470d-808f-cb0837847132 ]  INFO 16312 --- [nio-8080-exec-7] com.revature.filters.DurationFilter      : Request has finished processing and took 1686 ms
2022-05-31 00:12:39.773 [  ]  INFO 11656 --- [  restartedMain] c.r.LogAggregationDemoApplication        : Starting LogAggregationDemoApplication using Java 11.0.14 on DESKTOP-KGEO7D0 with PID 11656 (C:\Users\Andrew Anderson\Dropbox\Revature\p1\logaggregationdemo\target\classes started by Andrew Anderson in c:\Users\Andrew Anderson\Dropbox\Revature\p1\logaggregationdemo)
2022-05-31 00:12:41.818 [  ]  INFO 11656 --- [  restartedMain] c.r.LogAggregationDemoApplication        : No active profile set, falling back to default profiles: default
2022-05-31 00:12:59.901 [  ]  INFO 11656 --- [  restartedMain] c.r.LogAggregationDemoApplication        : Started LogAggregationDemoApplication in 23.257 seconds (JVM running for 26.17)
2022-05-31 00:13:17.577 [ duration=925, requestId=62afcb6f-eca2-4d16-9cab-9d2671ab9159 ]  INFO 11656 --- [nio-8080-exec-1] com.revature.filters.DurationFilter      : Request has finished processing and took 925 ms
2022-05-31 00:19:13.084 [  ]  INFO 15200 --- [  restartedMain] c.r.LogAggregationDemoApplication        : Starting LogAggregationDemoApplication using Java 11.0.14 on DESKTOP-KGEO7D0 with PID 15200 (C:\Users\Andrew Anderson\Dropbox\Revature\p1\logaggregationdemo\target\classes started by Andrew Anderson in c:\Users\Andrew Anderson\Dropbox\Revature\p1\logaggregationdemo)
2022-05-31 00:19:15.159 [  ]  INFO 15200 --- [  restartedMain] c.r.LogAggregationDemoApplication        : No active profile set, falling back to default profiles: default
2022-05-31 00:19:33.045 [  ]  INFO 15200 --- [  restartedMain] c.r.LogAggregationDemoApplication        : Started LogAggregationDemoApplication in 23.239 seconds (JVM running for 26.133)
2022-05-31 00:20:43.690 [ duration=510, requestId=d8694287-81e9-4e51-a1d0-fd57f7db6ce9 ]  INFO 15200 --- [nio-8080-exec-2] com.revature.filters.DurationFilter      : Request has finished processing and took 510 ms
2022-05-31 00:22:24.777 [ duration=352, requestId=ca43a2c9-c267-4a84-97bf-ef8a01fff487 ]  INFO 15200 --- [nio-8080-exec-5] com.revature.filters.DurationFilter      : Request has finished processing and took 352 ms
2022-05-31 00:22:33.520 [ duration=521, requestId=483a5023-d23d-42b0-b191-9cfb819e5c4d ]  INFO 15200 --- [nio-8080-exec-6] com.revature.filters.DurationFilter      : Request has finished processing and took 521 ms
2022-05-31 14:56:06.053 [  ]  INFO 4576 --- [  restartedMain] c.r.LogAggregationDemoApplication        : Starting LogAggregationDemoApplication using Java 11.0.14 on DESKTOP-KGEO7D0 with PID 4576 (C:\Users\Andrew Anderson\Dropbox\Revature\p1\logaggregationdemo\target\classes started by Andrew Anderson in c:\Users\Andrew Anderson\Dropbox\Revature\p1\logaggregationdemo)
2022-05-31 14:56:08.111 [  ]  INFO 4576 --- [  restartedMain] c.r.LogAggregationDemoApplication        : No active profile set, falling back to default profiles: default
2022-05-31 14:56:34.182 [  ]  INFO 4576 --- [  restartedMain] c.r.LogAggregationDemoApplication        : Started LogAggregationDemoApplication in 31.466 seconds (JVM running for 35.705)
2022-05-31 14:56:54.356 [ duration=1173, requestId=efb90ec8-c2d2-4fa2-8fd2-e17211fc22e2 ]  INFO 4576 --- [io-8080-exec-10] com.revature.filters.DurationFilter      : Request has finished processing and took 1173 ms
2022-05-31 15:02:02.359 [  ]  INFO 13996 --- [  restartedMain] c.r.LogAggregationDemoApplication        : Starting LogAggregationDemoApplication using Java 11.0.14 on DESKTOP-KGEO7D0 with PID 13996 (C:\Users\Andrew Anderson\Dropbox\Revature\p1\logaggregationdemo\target\classes started by Andrew Anderson in C:\Users\Andrew Anderson\Dropbox\Revature\p1\logaggregationdemo)
2022-05-31 15:02:04.404 [  ]  INFO 13996 --- [  restartedMain] c.r.LogAggregationDemoApplication        : No active profile set, falling back to default profiles: default
2022-05-31 15:02:27.808 [  ]  INFO 13996 --- [  restartedMain] c.r.LogAggregationDemoApplication        : Started LogAggregationDemoApplication in 29.035 seconds (JVM running for 33.533)
2022-05-31 15:02:32.956 [ duration=901, requestId=190e9ce8-fcb7-4e18-9911-b995bd9595bf ]  INFO 13996 --- [nio-8080-exec-1] com.revature.filters.DurationFilter      : Request has finished processing and took 901 ms
2022-05-31 17:57:19.017 [  ]  INFO 15748 --- [  restartedMain] c.r.LogAggregationDemoApplication        : Starting LogAggregationDemoApplication using Java 11.0.14 on DESKTOP-KGEO7D0 with PID 15748 (C:\Users\Andrew Anderson\Dropbox\Revature\p1\logaggregationdemo\target\classes started by Andrew Anderson in c:\Users\Andrew Anderson\Dropbox\Revature\p1\logaggregationdemo)
2022-05-31 17:57:21.065 [  ]  INFO 15748 --- [  restartedMain] c.r.LogAggregationDemoApplication        : No active profile set, falling back to default profiles: default
2022-05-31 17:57:40.603 [  ]  INFO 15748 --- [  restartedMain] c.r.LogAggregationDemoApplication        : Started LogAggregationDemoApplication in 24.817 seconds (JVM running for 28.217)
2022-05-31 17:57:53.127 [ duration=665, requestId=13b1fc12-59b6-4868-b2a6-447fa5ed5a6b ]  INFO 15748 --- [nio-8080-exec-1] com.revature.filters.DurationFilter      : Request has finished processing and took 665 ms
2022-05-31 17:58:03.341 [ duration=26, requestId=6f8eeef2-9d1c-47f7-9aff-f9943796a76c ]  INFO 15748 --- [nio-8080-exec-3] com.revature.filters.DurationFilter      : Request has finished processing and took 26 ms
2022-05-31 17:58:27.546 [ duration=451, requestId=e339fbcd-85b8-4085-9292-70d3ede1440f ]  INFO 15748 --- [nio-8080-exec-4] com.revature.filters.DurationFilter      : Request has finished processing and took 451 ms
2022-05-31 17:58:42.715 [ duration=7, requestId=a0f3d270-80c5-4bdd-aec7-0c6e33e25b41 ]  INFO 15748 --- [nio-8080-exec-5] com.revature.filters.DurationFilter      : Request has finished processing and took 7 ms
2022-05-31 17:58:51.184 [ duration=622, requestId=86c3431c-b5a6-4594-abd3-f855fec8116d ]  INFO 15748 --- [nio-8080-exec-8] com.revature.filters.DurationFilter      : Request has finished processing and took 622 ms
2022-06-02 19:54:09.478 [  ]  INFO 18964 --- [  restartedMain] c.r.LogAggregationDemoApplication        : Starting LogAggregationDemoApplication using Java 11.0.14 on DESKTOP-KGEO7D0 with PID 18964 (C:\Users\Andrew Anderson\Dropbox\Revature\p1\logaggregationdemo\target\classes started by Andrew Anderson in c:\Users\Andrew Anderson\Dropbox\Revature\p1\logaggregationdemo)
2022-06-02 19:54:11.544 [  ]  INFO 18964 --- [  restartedMain] c.r.LogAggregationDemoApplication        : No active profile set, falling back to default profiles: default
2022-06-02 20:09:16.067 [  ]  INFO 16968 --- [  restartedMain] c.r.LogAggregationDemoApplication        : Starting LogAggregationDemoApplication using Java 11.0.14 on DESKTOP-KGEO7D0 with PID 16968 (C:\Users\Andrew Anderson\Dropbox\Revature\p1\logaggregationdemo\target\classes started by Andrew Anderson in c:\Users\Andrew Anderson\Dropbox\Revature\p1\logaggregationdemo)
2022-06-02 20:09:18.123 [  ]  INFO 16968 --- [  restartedMain] c.r.LogAggregationDemoApplication        : No active profile set, falling back to default profiles: default
2022-06-02 20:23:48.627 [  ]  INFO 17176 --- [  restartedMain] c.r.LogAggregationDemoApplication        : Starting LogAggregationDemoApplication using Java 11.0.14 on DESKTOP-KGEO7D0 with PID 17176 (C:\Users\Andrew Anderson\Dropbox\Revature\p1\logaggregationdemo\target\classes started by Andrew Anderson in c:\Users\Andrew Anderson\Dropbox\Revature\p1\logaggregationdemo)
2022-06-02 20:23:50.691 [  ]  INFO 17176 --- [  restartedMain] c.r.LogAggregationDemoApplication        : No active profile set, falling back to default profiles: default
2022-06-02 20:25:58.362 [  ]  INFO 14516 --- [  restartedMain] c.r.LogAggregationDemoApplication        : Starting LogAggregationDemoApplication using Java 11.0.14 on DESKTOP-KGEO7D0 with PID 14516 (C:\Users\Andrew Anderson\Dropbox\Revature\p1\logaggregationdemo\target\classes started by Andrew Anderson in c:\Users\Andrew Anderson\Dropbox\Revature\p1\logaggregationdemo)
2022-06-02 20:26:00.408 [  ]  INFO 14516 --- [  restartedMain] c.r.LogAggregationDemoApplication        : No active profile set, falling back to default profiles: default
2022-06-02 20:29:52.164 [  ]  INFO 17232 --- [  restartedMain] c.r.LogAggregationDemoApplication        : Starting LogAggregationDemoApplication using Java 11.0.14 on DESKTOP-KGEO7D0 with PID 17232 (C:\Users\Andrew Anderson\Dropbox\Revature\p1\logaggregationdemo\target\classes started by Andrew Anderson in c:\Users\Andrew Anderson\Dropbox\Revature\p1\logaggregationdemo)
2022-06-02 20:29:54.218 [  ]  INFO 17232 --- [  restartedMain] c.r.LogAggregationDemoApplication        : No active profile set, falling back to default profiles: default
2022-06-02 20:30:55.919 [  ]  INFO 8156 --- [  restartedMain] c.r.LogAggregationDemoApplication        : Starting LogAggregationDemoApplication using Java 11.0.14 on DESKTOP-KGEO7D0 with PID 8156 (C:\Users\Andrew Anderson\Dropbox\Revature\p1\logaggregationdemo\target\classes started by Andrew Anderson in c:\Users\Andrew Anderson\Dropbox\Revature\p1\logaggregationdemo)
2022-06-02 20:30:57.992 [  ]  INFO 8156 --- [  restartedMain] c.r.LogAggregationDemoApplication        : No active profile set, falling back to default profiles: default
2022-06-02 20:33:46.706 [  ]  INFO 8380 --- [  restartedMain] c.r.LogAggregationDemoApplication        : Starting LogAggregationDemoApplication using Java 11.0.14 on DESKTOP-KGEO7D0 with PID 8380 (C:\Users\Andrew Anderson\Dropbox\Revature\p1\logaggregationdemo\target\classes started by Andrew Anderson in c:\Users\Andrew Anderson\Dropbox\Revature\p1\logaggregationdemo)
2022-06-02 20:33:48.790 [  ]  INFO 8380 --- [  restartedMain] c.r.LogAggregationDemoApplication        : No active profile set, falling back to default profiles: default
2022-06-02 20:34:02.280 [  ]  INFO 8380 --- [  restartedMain] c.r.LogAggregationDemoApplication        : Started LogAggregationDemoApplication in 18.444 seconds (JVM running for 21.168)
2022-06-02 20:38:26.580 [  ]  INFO 9084 --- [  restartedMain] c.r.LogAggregationDemoApplication        : Starting LogAggregationDemoApplication using Java 11.0.14 on DESKTOP-KGEO7D0 with PID 9084 (C:\Users\Andrew Anderson\Dropbox\Revature\p1\logaggregationdemo\target\classes started by Andrew Anderson in c:\Users\Andrew Anderson\Dropbox\Revature\p1\logaggregationdemo)
2022-06-02 20:38:28.651 [  ]  INFO 9084 --- [  restartedMain] c.r.LogAggregationDemoApplication        : No active profile set, falling back to default profiles: default
2022-06-02 20:38:41.861 [  ]  INFO 9084 --- [  restartedMain] c.r.LogAggregationDemoApplication        : Started LogAggregationDemoApplication in 18.093 seconds (JVM running for 20.605)
2022-06-02 20:50:16.728 [ duration=1101, requestId=a46d4425-ffd1-484a-ad9a-c2ecf22ccd0f ]  INFO 9084 --- [nio-8080-exec-2] com.revature.filters.DurationFilter      : Request has finished processing and took 1101 ms
2022-06-02 20:50:36.823 [ duration=845, requestId=2a0ae402-4fa1-4d36-af8f-fed47fff7c7d ]  INFO 9084 --- [nio-8080-exec-4] com.revature.filters.DurationFilter      : Request has finished processing and took 845 ms
2022-06-02 20:51:13.751 [ duration=79, requestId=e6ce7a00-b3f9-4b56-a7a9-019c0200deb2 ]  INFO 9084 --- [nio-8080-exec-5] com.revature.filters.DurationFilter      : Request has finished processing and took 79 ms
2022-06-02 20:58:04.646 [ duration=4, requestId=3f09ce74-f299-4686-a390-0e6df595a80c ]  INFO 9084 --- [nio-8080-exec-8] com.revature.filters.DurationFilter      : Request has finished processing and took 4 ms
2022-06-02 20:58:29.321 [ duration=93, requestId=cbf8226d-21f3-4457-99bd-627d1222624f ]  INFO 9084 --- [nio-8080-exec-9] com.revature.filters.DurationFilter      : Request has finished processing and took 93 ms
2022-06-02 20:59:17.974 [ duration=24, requestId=87b80607-e2da-4e5b-a6cd-9e83eda3257f ]  INFO 9084 --- [io-8080-exec-10] com.revature.filters.DurationFilter      : Request has finished processing and took 24 ms
2022-06-02 21:01:38.316 [  ]  INFO 5348 --- [  restartedMain] c.r.LogAggregationDemoApplication        : Starting LogAggregationDemoApplication using Java 11.0.14 on DESKTOP-KGEO7D0 with PID 5348 (C:\Users\Andrew Anderson\Dropbox\Revature\p1\logaggregationdemo\target\classes started by Andrew Anderson in C:\Users\Andrew Anderson\Dropbox\Revature\p1\logaggregationdemo)
2022-06-02 21:01:40.375 [  ]  INFO 5348 --- [  restartedMain] c.r.LogAggregationDemoApplication        : No active profile set, falling back to default profiles: default
2022-06-02 21:01:54.659 [  ]  INFO 5348 --- [  restartedMain] c.r.LogAggregationDemoApplication        : Started LogAggregationDemoApplication in 19.484 seconds (JVM running for 21.632)
2022-06-02 21:02:13.244 [ duration=721, requestId=df9f18ab-c418-498c-a313-546ffefbb429 ]  INFO 5348 --- [nio-8080-exec-1] com.revature.filters.DurationFilter      : Request has finished processing and took 721 ms
2022-06-02 21:04:32.937 [ duration=9, requestId=1aab6c2b-f6ee-4f42-a387-44ac589d1734 ]  INFO 5348 --- [nio-8080-exec-5] com.revature.filters.DurationFilter      : Request has finished processing and took 9 ms
2022-06-02 21:06:38.113 [ duration=10, requestId=2ee9c14b-8212-4b46-8c02-425ce67ee0e8 ]  INFO 5348 --- [nio-8080-exec-8] com.revature.filters.DurationFilter      : Request has finished processing and took 10 ms
2022-06-02 21:09:15.498 [ duration=15, requestId=e388227a-dde8-4205-bf2f-2f7c0bcd3863 ]  INFO 5348 --- [nio-8080-exec-2] com.revature.filters.DurationFilter      : Request has finished processing and took 15 ms
2022-06-02 21:09:22.417 [ duration=1043, requestId=1972cc5b-e0a1-4c59-b919-ef2ac9385738 ]  INFO 5348 --- [nio-8080-exec-1] com.revature.filters.DurationFilter      : Request has finished processing and took 1043 ms
2022-06-02 21:52:40.178 [  ]  INFO 14324 --- [  restartedMain] c.r.LogAggregationDemoApplication        : Starting LogAggregationDemoApplication using Java 11.0.14 on DESKTOP-KGEO7D0 with PID 14324 (C:\Users\Andrew Anderson\Dropbox\Revature\p1\logaggregationdemo\target\classes started by Andrew Anderson in c:\Users\Andrew Anderson\Dropbox\Revature\p1\logaggregationdemo)
2022-06-02 21:52:42.245 [  ]  INFO 14324 --- [  restartedMain] c.r.LogAggregationDemoApplication        : No active profile set, falling back to default profiles: default
2022-06-02 21:53:55.678 [  ]  INFO 12596 --- [  restartedMain] c.r.LogAggregationDemoApplication        : Starting LogAggregationDemoApplication using Java 11.0.14 on DESKTOP-KGEO7D0 with PID 12596 (C:\Users\Andrew Anderson\Dropbox\Revature\p1\logaggregationdemo\target\classes started by Andrew Anderson in c:\Users\Andrew Anderson\Dropbox\Revature\p1\logaggregationdemo)
2022-06-02 21:53:57.725 [  ]  INFO 12596 --- [  restartedMain] c.r.LogAggregationDemoApplication        : No active profile set, falling back to default profiles: default
2022-06-02 21:54:18.986 [  ]  INFO 12596 --- [  restartedMain] c.r.LogAggregationDemoApplication        : Started LogAggregationDemoApplication in 26.33 seconds (JVM running for 29.816)
2022-06-02 21:54:29.258 [ duration=180, requestId=3ec089c5-5e69-401f-8394-a159b596df17 ]  INFO 12596 --- [nio-8080-exec-9] com.revature.filters.DurationFilter      : Request has finished processing and took 180 ms
2022-06-02 21:54:54.782 [ duration=1545, requestId=e63096c5-dc55-4780-9b83-8aa6a7c9ba2e ]  INFO 12596 --- [nio-8080-exec-7] com.revature.filters.DurationFilter      : Request has finished processing and took 1545 ms
2022-06-02 21:55:04.868 [ duration=4, requestId=dcfa3e2b-39ea-4a94-8f38-2acf883f51ce ]  INFO 12596 --- [nio-8080-exec-6] com.revature.filters.DurationFilter      : Request has finished processing and took 4 ms
2022-06-02 21:55:12.180 [ duration=4, requestId=2f671d5d-1658-4306-9081-30946611a1f8 ]  INFO 12596 --- [nio-8080-exec-5] com.revature.filters.DurationFilter      : Request has finished processing and took 4 ms
2022-06-02 21:55:23.333 [ duration=10, requestId=59bfc457-61a0-44ba-842c-22f9a3adca12 ]  INFO 12596 --- [nio-8080-exec-3] com.revature.filters.DurationFilter      : Request has finished processing and took 10 ms
2022-06-02 21:55:29.701 [ duration=84, requestId=3579a0b0-8206-45d6-8076-9851ff77bd1f ]  INFO 12596 --- [nio-8080-exec-2] com.revature.filters.DurationFilter      : Request has finished processing and took 84 ms
2022-06-02 22:04:35.973 [ duration=2, requestId=14dfff96-a681-44de-8eaf-b7e93841fa0c ]  INFO 12596 --- [nio-8080-exec-9] com.revature.filters.DurationFilter      : Request has finished processing and took 2 ms
2022-06-03 00:03:44.521 [  ]  INFO 816 --- [  restartedMain] c.r.LogAggregationDemoApplication        : Starting LogAggregationDemoApplication using Java 11.0.14 on DESKTOP-KGEO7D0 with PID 816 (C:\Users\Andrew Anderson\Dropbox\Revature\p1\logaggregationdemo\target\classes started by Andrew Anderson in c:\Users\Andrew Anderson\Dropbox\Revature\p1\logaggregationdemo)
2022-06-03 00:03:46.571 [  ]  INFO 816 --- [  restartedMain] c.r.LogAggregationDemoApplication        : No active profile set, falling back to default profiles: default
2022-06-03 00:04:00.776 [  ]  INFO 816 --- [  restartedMain] c.r.LogAggregationDemoApplication        : Started LogAggregationDemoApplication in 19.369 seconds (JVM running for 22.086)
2022-06-03 00:05:15.288 [ duration=1718, requestId=3eb3beef-9799-4391-9a26-e6dc76f32b5f ]  INFO 816 --- [nio-8080-exec-1] com.revature.filters.DurationFilter      : Request has finished processing and took 1718 ms
2022-06-03 00:06:36.551 [ duration=187, requestId=a52f6e10-52ec-4f8a-9f6c-3755cf454064 ]  INFO 816 --- [nio-8080-exec-5] com.revature.filters.DurationFilter      : Request has finished processing and took 187 ms
2022-06-03 00:08:04.380 [ duration=109, requestId=b46ce76a-def4-4b5b-9fe5-9caac0ac6819 ]  INFO 816 --- [nio-8080-exec-8] com.revature.filters.DurationFilter      : Request has finished processing and took 109 ms
2022-06-03 00:16:58.693 [ duration=10, requestId=25d8e7f9-12f6-4044-b7ab-0d9f00a32de6 ]  INFO 816 --- [io-8080-exec-10] com.revature.filters.DurationFilter      : Request has finished processing and took 10 ms
2022-06-03 00:40:40.584 [ duration=8, requestId=3c69382c-da7e-40ac-89c2-6189182a0959 ]  INFO 816 --- [nio-8080-exec-3] com.revature.filters.DurationFilter      : Request has finished processing and took 8 ms
2022-06-03 00:40:56.645 [  ]  INFO 6904 --- [  restartedMain] c.r.LogAggregationDemoApplication        : Starting LogAggregationDemoApplication using Java 11.0.14 on DESKTOP-KGEO7D0 with PID 6904 (C:\Users\Andrew Anderson\Dropbox\Revature\p1\logaggregationdemo\target\classes started by Andrew Anderson in C:\Users\Andrew Anderson\Dropbox\Revature\p1\logaggregationdemo)
2022-06-03 00:40:58.729 [  ]  INFO 6904 --- [  restartedMain] c.r.LogAggregationDemoApplication        : No active profile set, falling back to default profiles: default
2022-06-03 00:41:13.462 [  ]  INFO 6904 --- [  restartedMain] c.r.LogAggregationDemoApplication        : Started LogAggregationDemoApplication in 20.146 seconds (JVM running for 21.837)
2022-06-03 00:41:25.441 [ duration=1488, requestId=a9d4d326-8b07-4199-8155-a0833b0861e8 ]  INFO 6904 --- [nio-8080-exec-1] com.revature.filters.DurationFilter      : Request has finished processing and took 1488 ms
2022-06-03 00:46:35.456 [  ]  INFO 16788 --- [  restartedMain] c.r.LogAggregationDemoApplication        : Starting LogAggregationDemoApplication using Java 11.0.14 on DESKTOP-KGEO7D0 with PID 16788 (C:\Users\Andrew Anderson\Dropbox\Revature\p1\logaggregationdemo\target\classes started by Andrew Anderson in C:\Users\Andrew Anderson\Dropbox\Revature\p1\logaggregationdemo)
2022-06-03 00:46:37.520 [  ]  INFO 16788 --- [  restartedMain] c.r.LogAggregationDemoApplication        : No active profile set, falling back to default profiles: default
2022-06-03 00:49:34.805 [  ]  INFO 14016 --- [  restartedMain] c.r.LogAggregationDemoApplication        : Starting LogAggregationDemoApplication using Java 11.0.14 on DESKTOP-KGEO7D0 with PID 14016 (C:\Users\Andrew Anderson\Dropbox\Revature\p1\logaggregationdemo\target\classes started by Andrew Anderson in c:\Users\Andrew Anderson\Dropbox\Revature\p1\logaggregationdemo)
2022-06-03 00:49:36.878 [  ]  INFO 14016 --- [  restartedMain] c.r.LogAggregationDemoApplication        : No active profile set, falling back to default profiles: default
2022-06-03 00:51:15.169 [  ]  INFO 17124 --- [  restartedMain] c.r.LogAggregationDemoApplication        : Starting LogAggregationDemoApplication using Java 11.0.14 on DESKTOP-KGEO7D0 with PID 17124 (C:\Users\Andrew Anderson\Dropbox\Revature\p1\logaggregationdemo\target\classes started by Andrew Anderson in c:\Users\Andrew Anderson\Dropbox\Revature\p1\logaggregationdemo)
2022-06-03 00:51:17.550 [  ]  INFO 17124 --- [  restartedMain] c.r.LogAggregationDemoApplication        : No active profile set, falling back to default profiles: default
2022-06-03 00:51:38.196 [  ]  INFO 17124 --- [  restartedMain] c.r.LogAggregationDemoApplication        : Started LogAggregationDemoApplication in 26.496 seconds (JVM running for 29.608)
2022-06-03 00:51:48.598 [ duration=1452, requestId=7d8fe9e5-f6d7-4ba0-96cc-fc92a60770fd ]  INFO 17124 --- [nio-8080-exec-9] com.revature.filters.DurationFilter      : Request has finished processing and took 1452 ms
2022-06-03 00:52:06.848 [ duration=76, requestId=3d2d0331-1a83-44e5-b1d6-f1af4d857576 ]  INFO 17124 --- [nio-8080-exec-7] com.revature.filters.DurationFilter      : Request has finished processing and took 76 ms
2022-06-03 00:52:32.854 [ duration=38, requestId=84c5e60e-3ade-4af3-8785-6c4108c44fa2 ]  INFO 17124 --- [nio-8080-exec-6] com.revature.filters.DurationFilter      : Request has finished processing and took 38 ms
2022-06-03 00:54:38.259 [  ]  INFO 17136 --- [  restartedMain] c.r.LogAggregationDemoApplication        : Starting LogAggregationDemoApplication using Java 11.0.14 on DESKTOP-KGEO7D0 with PID 17136 (C:\Users\Andrew Anderson\Dropbox\Revature\p1\logaggregationdemo\target\classes started by Andrew Anderson in C:\Users\Andrew Anderson\Dropbox\Revature\p1\logaggregationdemo)
2022-06-03 00:54:40.341 [  ]  INFO 17136 --- [  restartedMain] c.r.LogAggregationDemoApplication        : No active profile set, falling back to default profiles: default
2022-06-03 00:54:58.800 [  ]  INFO 17136 --- [  restartedMain] c.r.LogAggregationDemoApplication        : Started LogAggregationDemoApplication in 23.766 seconds (JVM running for 26.056)
2022-06-03 00:55:22.869 [ duration=86, requestId=efadcc44-762d-4e8d-a07b-29a8a60fc1d3 ]  INFO 17136 --- [io-8080-exec-10] com.revature.filters.DurationFilter      : Request has finished processing and took 86 ms
2022-06-03 00:59:12.831 [ duration=12, requestId=f4863e2c-a904-4201-b2ad-120460d0195e ]  INFO 17136 --- [nio-8080-exec-7] com.revature.filters.DurationFilter      : Request has finished processing and took 12 ms
2022-06-03 00:59:23.266 [ duration=1206, requestId=677f87b0-9f9a-4338-874b-15dc2bf78f16 ]  INFO 17136 --- [nio-8080-exec-5] com.revature.filters.DurationFilter      : Request has finished processing and took 1206 ms
2022-06-03 00:59:34.345 [ duration=30, requestId=661ec521-12fc-46ab-a6e4-0c37ae44cece ]  INFO 17136 --- [nio-8080-exec-3] com.revature.filters.DurationFilter      : Request has finished processing and took 30 ms
2022-06-03 01:04:12.870 [  ]  INFO 13404 --- [  restartedMain] c.r.LogAggregationDemoApplication        : Starting LogAggregationDemoApplication using Java 11.0.14 on DESKTOP-KGEO7D0 with PID 13404 (C:\Users\Andrew Anderson\Dropbox\Revature\p1\logaggregationdemo\target\classes started by Andrew Anderson in C:\Users\Andrew Anderson\Dropbox\Revature\p1\logaggregationdemo)
2022-06-03 01:04:14.956 [  ]  INFO 13404 --- [  restartedMain] c.r.LogAggregationDemoApplication        : No active profile set, falling back to default profiles: default
2022-06-03 01:07:21.668 [  ]  INFO 14392 --- [  restartedMain] c.r.LogAggregationDemoApplication        : Starting LogAggregationDemoApplication using Java 11.0.14 on DESKTOP-KGEO7D0 with PID 14392 (C:\Users\Andrew Anderson\Dropbox\Revature\p1\logaggregationdemo\target\classes started by Andrew Anderson in c:\Users\Andrew Anderson\Dropbox\Revature\p1\logaggregationdemo)
2022-06-03 01:07:23.735 [  ]  INFO 14392 --- [  restartedMain] c.r.LogAggregationDemoApplication        : No active profile set, falling back to default profiles: default
2022-06-03 01:13:45.869 [  ]  INFO 15984 --- [  restartedMain] c.r.LogAggregationDemoApplication        : Starting LogAggregationDemoApplication using Java 11.0.14 on DESKTOP-KGEO7D0 with PID 15984 (C:\Users\Andrew Anderson\Dropbox\Revature\p1\logaggregationdemo\target\classes started by Andrew Anderson in c:\Users\Andrew Anderson\Dropbox\Revature\p1\logaggregationdemo)
2022-06-03 01:13:47.950 [  ]  INFO 15984 --- [  restartedMain] c.r.LogAggregationDemoApplication        : No active profile set, falling back to default profiles: default
2022-06-03 01:16:15.281 [  ]  INFO 4980 --- [  restartedMain] c.r.LogAggregationDemoApplication        : Starting LogAggregationDemoApplication using Java 11.0.14 on DESKTOP-KGEO7D0 with PID 4980 (C:\Users\Andrew Anderson\Dropbox\Revature\p1\logaggregationdemo\target\classes started by Andrew Anderson in c:\Users\Andrew Anderson\Dropbox\Revature\p1\logaggregationdemo)
2022-06-03 01:16:17.338 [  ]  INFO 4980 --- [  restartedMain] c.r.LogAggregationDemoApplication        : No active profile set, falling back to default profiles: default
2022-06-03 01:16:32.769 [  ]  INFO 4980 --- [  restartedMain] c.r.LogAggregationDemoApplication        : Started LogAggregationDemoApplication in 20.44 seconds (JVM running for 22.969)
2022-06-03 01:16:50.345 [ duration=853, requestId=e0d8771b-eba4-4ca1-b8ff-6e08c7cffffe ]  INFO 4980 --- [nio-8080-exec-1] com.revature.filters.DurationFilter      : Request has finished processing and took 853 ms
2022-06-03 01:17:01.495 [ duration=671, requestId=1449bba4-3a14-4db5-b09e-744d910423c2 ]  INFO 4980 --- [nio-8080-exec-3] com.revature.filters.DurationFilter      : Request has finished processing and took 671 ms
2022-06-03 01:18:09.194 [ duration=68, requestId=8e0b95d6-3447-463a-b96d-2ac671f2cc4d ]  INFO 4980 --- [nio-8080-exec-6] com.revature.filters.DurationFilter      : Request has finished processing and took 68 ms
2022-06-03 01:23:10.086 [  ]  INFO 18624 --- [  restartedMain] c.r.LogAggregationDemoApplication        : Starting LogAggregationDemoApplication using Java 11.0.14 on DESKTOP-KGEO7D0 with PID 18624 (C:\Users\Andrew Anderson\Dropbox\Revature\p1\logaggregationdemo\target\classes started by Andrew Anderson in c:\Users\Andrew Anderson\Dropbox\Revature\p1\logaggregationdemo)
2022-06-03 01:23:12.146 [  ]  INFO 18624 --- [  restartedMain] c.r.LogAggregationDemoApplication        : No active profile set, falling back to default profiles: default
2022-06-03 01:23:26.847 [  ]  INFO 18624 --- [  restartedMain] c.r.LogAggregationDemoApplication        : Started LogAggregationDemoApplication in 19.666 seconds (JVM running for 22.493)
2022-06-03 01:23:37.498 [ duration=1748, requestId=34c2cd4b-61cc-4910-a58c-894645a4191f ]  INFO 18624 --- [nio-8080-exec-2] com.revature.filters.DurationFilter      : Request has finished processing and took 1748 ms
2022-06-03 01:25:11.239 [ duration=84490, requestId=9ca17d69-5932-4158-a591-02ce7373a5f9 ]  INFO 18624 --- [io-8080-exec-10] com.revature.filters.DurationFilter      : Request has finished processing and took 84490 ms
2022-06-03 01:26:36.459 [  ]  INFO 11248 --- [  restartedMain] c.r.LogAggregationDemoApplication        : Starting LogAggregationDemoApplication using Java 11.0.14 on DESKTOP-KGEO7D0 with PID 11248 (C:\Users\Andrew Anderson\Dropbox\Revature\p1\logaggregationdemo\target\classes started by Andrew Anderson in C:\Users\Andrew Anderson\Dropbox\Revature\p1\logaggregationdemo)
2022-06-03 01:26:38.599 [  ]  INFO 11248 --- [  restartedMain] c.r.LogAggregationDemoApplication        : No active profile set, falling back to default profiles: default
2022-06-03 01:26:57.557 [  ]  INFO 11248 --- [  restartedMain] c.r.LogAggregationDemoApplication        : Started LogAggregationDemoApplication in 25.328 seconds (JVM running for 27.892)
2022-06-03 01:27:28.878 [ duration=1354, requestId=72e386b1-7753-4fd2-bf3f-71b49ed1a171 ]  INFO 11248 --- [nio-8080-exec-1] com.revature.filters.DurationFilter      : Request has finished processing and took 1354 ms
2022-06-03 01:27:40.039 [ duration=4932, requestId=216ea45e-b3f5-43d7-b501-21a586bd5279 ]  INFO 11248 --- [nio-8080-exec-3] com.revature.filters.DurationFilter      : Request has finished processing and took 4932 ms
2022-06-03 01:29:39.184 [  ]  INFO 17532 --- [  restartedMain] c.r.LogAggregationDemoApplication        : Starting LogAggregationDemoApplication using Java 11.0.14 on DESKTOP-KGEO7D0 with PID 17532 (C:\Users\Andrew Anderson\Dropbox\Revature\p1\logaggregationdemo\target\classes started by Andrew Anderson in C:\Users\Andrew Anderson\Dropbox\Revature\p1\logaggregationdemo)
2022-06-03 01:29:41.251 [  ]  INFO 17532 --- [  restartedMain] c.r.LogAggregationDemoApplication        : No active profile set, falling back to default profiles: default
2022-06-03 01:32:46.002 [  ]  INFO 18148 --- [  restartedMain] c.r.LogAggregationDemoApplication        : Starting LogAggregationDemoApplication using Java 11.0.14 on DESKTOP-KGEO7D0 with PID 18148 (C:\Users\Andrew Anderson\Dropbox\Revature\p1\logaggregationdemo\target\classes started by Andrew Anderson in c:\Users\Andrew Anderson\Dropbox\Revature\p1\logaggregationdemo)
2022-06-03 01:32:48.064 [  ]  INFO 18148 --- [  restartedMain] c.r.LogAggregationDemoApplication        : No active profile set, falling back to default profiles: default
2022-06-03 01:33:01.894 [  ]  INFO 18148 --- [  restartedMain] c.r.LogAggregationDemoApplication        : Started LogAggregationDemoApplication in 18.842 seconds (JVM running for 22.11)
2022-06-03 01:33:11.218 [ duration=1173, requestId=60e63b7c-a7cc-4707-a94f-67d12d90b31f ]  INFO 18148 --- [nio-8080-exec-1] com.revature.filters.DurationFilter      : Request has finished processing and took 1173 ms
2022-06-03 01:33:44.259 [ duration=7676, requestId=53620538-ab61-4faf-8a66-82be4285d165 ]  INFO 18148 --- [nio-8080-exec-3] com.revature.filters.DurationFilter      : Request has finished processing and took 7676 ms
2022-06-03 01:34:38.524 [  ]  INFO 6856 --- [  restartedMain] c.r.LogAggregationDemoApplication        : Starting LogAggregationDemoApplication using Java 11.0.14 on DESKTOP-KGEO7D0 with PID 6856 (C:\Users\Andrew Anderson\Dropbox\Revature\p1\logaggregationdemo\target\classes started by Andrew Anderson in C:\Users\Andrew Anderson\Dropbox\Revature\p1\logaggregationdemo)
2022-06-03 01:34:40.595 [  ]  INFO 6856 --- [  restartedMain] c.r.LogAggregationDemoApplication        : No active profile set, falling back to default profiles: default
2022-06-03 01:40:39.462 [  ]  INFO 10288 --- [  restartedMain] c.r.LogAggregationDemoApplication        : Starting LogAggregationDemoApplication using Java 11.0.14 on DESKTOP-KGEO7D0 with PID 10288 (C:\Users\Andrew Anderson\Dropbox\Revature\p1\logaggregationdemo\target\classes started by Andrew Anderson in c:\Users\Andrew Anderson\Dropbox\Revature\p1\logaggregationdemo)
2022-06-03 01:40:41.534 [  ]  INFO 10288 --- [  restartedMain] c.r.LogAggregationDemoApplication        : No active profile set, falling back to default profiles: default
2022-06-03 01:42:31.730 [  ]  INFO 3384 --- [  restartedMain] c.r.LogAggregationDemoApplication        : Starting LogAggregationDemoApplication using Java 11.0.14 on DESKTOP-KGEO7D0 with PID 3384 (C:\Users\Andrew Anderson\Dropbox\Revature\p1\logaggregationdemo\target\classes started by Andrew Anderson in c:\Users\Andrew Anderson\Dropbox\Revature\p1\logaggregationdemo)
2022-06-03 01:42:33.791 [  ]  INFO 3384 --- [  restartedMain] c.r.LogAggregationDemoApplication        : No active profile set, falling back to default profiles: default
2022-06-03 01:42:52.421 [  ]  INFO 3384 --- [  restartedMain] c.r.LogAggregationDemoApplication        : Started LogAggregationDemoApplication in 24.282 seconds (JVM running for 27.709)
2022-06-03 01:52:54.512 [ duration=1203, requestId=8c15934a-28eb-4091-bec1-b6975a891b46 ]  INFO 3384 --- [nio-8080-exec-2] com.revature.filters.DurationFilter      : Request has finished processing and took 1203 ms
2022-06-03 01:53:26.271 [ duration=109, requestId=8dd388f3-8e5d-4ac2-9536-689e4f898f5a ]  INFO 3384 --- [nio-8080-exec-3] com.revature.filters.DurationFilter      : Request has finished processing and took 109 ms
2022-06-03 01:53:49.983 [  ]  INFO 12940 --- [  restartedMain] c.r.LogAggregationDemoApplication        : Starting LogAggregationDemoApplication using Java 11.0.14 on DESKTOP-KGEO7D0 with PID 12940 (C:\Users\Andrew Anderson\Dropbox\Revature\p1\logaggregationdemo\target\classes started by Andrew Anderson in C:\Users\Andrew Anderson\Dropbox\Revature\p1\logaggregationdemo)
2022-06-03 01:53:52.074 [  ]  INFO 12940 --- [  restartedMain] c.r.LogAggregationDemoApplication        : No active profile set, falling back to default profiles: default
2022-06-03 01:54:08.852 [  ]  INFO 12940 --- [  restartedMain] c.r.LogAggregationDemoApplication        : Started LogAggregationDemoApplication in 22.459 seconds (JVM running for 24.67)
2022-06-03 02:02:02.414 [  ]  INFO 17144 --- [  restartedMain] c.r.LogAggregationDemoApplication        : Starting LogAggregationDemoApplication using Java 11.0.14 on DESKTOP-KGEO7D0 with PID 17144 (C:\Users\Andrew Anderson\Dropbox\Revature\p1\logaggregationdemo\target\classes started by Andrew Anderson in C:\Users\Andrew Anderson\Dropbox\Revature\p1\logaggregationdemo)
2022-06-03 02:02:04.465 [  ]  INFO 17144 --- [  restartedMain] c.r.LogAggregationDemoApplication        : No active profile set, falling back to default profiles: default
2022-06-03 02:02:19.263 [  ]  INFO 17144 --- [  restartedMain] c.r.LogAggregationDemoApplication        : Started LogAggregationDemoApplication in 20.087 seconds (JVM running for 22.111)
2022-06-03 02:02:58.045 [ duration=1492, requestId=85094603-6080-45e0-81f8-3ed6916882fc ]  INFO 17144 --- [nio-8080-exec-1] com.revature.filters.DurationFilter      : Request has finished processing and took 1492 ms
2022-06-03 02:03:20.811 [ duration=131, requestId=48ec7aa4-8a74-4f6c-a63e-122d788bf035 ]  INFO 17144 --- [nio-8080-exec-4] com.revature.filters.DurationFilter      : Request has finished processing and took 131 ms
2022-06-03 02:03:40.991 [ duration=45, requestId=5e83d536-d25d-4697-8131-9faebf00ba79 ]  INFO 17144 --- [nio-8080-exec-5] com.revature.filters.DurationFilter      : Request has finished processing and took 45 ms
2022-06-03 02:05:18.299 [ duration=11, requestId=fcfe8541-4035-4711-aa53-b98c4c36d519 ]  INFO 17144 --- [nio-8080-exec-7] com.revature.filters.DurationFilter      : Request has finished processing and took 11 ms
2022-06-03 02:05:26.750 [ duration=9, requestId=52cee44a-e2ad-41c4-8888-9f84f64dc3a9 ]  INFO 17144 --- [nio-8080-exec-9] com.revature.filters.DurationFilter      : Request has finished processing and took 9 ms
2022-06-03 02:08:01.000 [ duration=30, requestId=bac6d927-1e60-4b25-a35f-9f2bad8e8a55 ]  INFO 17144 --- [nio-8080-exec-2] com.revature.filters.DurationFilter      : Request has finished processing and took 30 ms
2022-06-03 02:08:20.397 [  ]  INFO 18080 --- [  restartedMain] c.r.LogAggregationDemoApplication        : Starting LogAggregationDemoApplication using Java 11.0.14 on DESKTOP-KGEO7D0 with PID 18080 (C:\Users\Andrew Anderson\Dropbox\Revature\p1\logaggregationdemo\target\classes started by Andrew Anderson in C:\Users\Andrew Anderson\Dropbox\Revature\p1\logaggregationdemo)
2022-06-03 02:08:22.453 [  ]  INFO 18080 --- [  restartedMain] c.r.LogAggregationDemoApplication        : No active profile set, falling back to default profiles: default
2022-06-03 02:08:36.604 [  ]  INFO 18080 --- [  restartedMain] c.r.LogAggregationDemoApplication        : Started LogAggregationDemoApplication in 19.126 seconds (JVM running for 20.961)
2022-06-03 02:09:17.707 [ duration=1338, requestId=9d855fb1-884c-43ac-a3b2-a4b12d0b5fb6 ]  INFO 18080 --- [nio-8080-exec-2] com.revature.filters.DurationFilter      : Request has finished processing and took 1338 ms
2022-06-03 02:09:26.130 [ duration=298, requestId=086f388f-e2fb-4f49-90ec-5ecd981c79ee ]  INFO 18080 --- [nio-8080-exec-3] com.revature.filters.DurationFilter      : Request has finished processing and took 298 ms
2022-06-03 02:26:43.898 [  ]  INFO 3764 --- [  restartedMain] c.r.LogAggregationDemoApplication        : Starting LogAggregationDemoApplication using Java 11.0.14 on DESKTOP-KGEO7D0 with PID 3764 (C:\Users\Andrew Anderson\Dropbox\Revature\p1\logaggregationdemo\target\classes started by Andrew Anderson in C:\Users\Andrew Anderson\Dropbox\Revature\p1\logaggregationdemo)
2022-06-03 02:26:45.961 [  ]  INFO 3764 --- [  restartedMain] c.r.LogAggregationDemoApplication        : No active profile set, falling back to default profiles: default
2022-06-03 02:27:01.534 [  ]  INFO 3764 --- [  restartedMain] c.r.LogAggregationDemoApplication        : Started LogAggregationDemoApplication in 20.667 seconds (JVM running for 22.647)
2022-06-03 02:31:42.581 [  ]  INFO 14580 --- [  restartedMain] c.r.LogAggregationDemoApplication        : Starting LogAggregationDemoApplication using Java 11.0.14 on DESKTOP-KGEO7D0 with PID 14580 (C:\Users\Andrew Anderson\Dropbox\Revature\p1\logaggregationdemo\target\classes started by Andrew Anderson in C:\Users\Andrew Anderson\Dropbox\Revature\p1\logaggregationdemo)
2022-06-03 02:31:44.646 [  ]  INFO 14580 --- [  restartedMain] c.r.LogAggregationDemoApplication        : No active profile set, falling back to default profiles: default
2022-06-03 02:31:58.820 [  ]  INFO 14580 --- [  restartedMain] c.r.LogAggregationDemoApplication        : Started LogAggregationDemoApplication in 19.294 seconds (JVM running for 21.474)
2022-06-03 02:33:23.063 [ duration=1106, requestId=e20374e1-a52a-4f4d-bcde-332cbe3dfef5 ]  INFO 14580 --- [nio-8080-exec-1] com.revature.filters.DurationFilter      : Request has finished processing and took 1106 ms
2022-06-03 02:34:22.069 [ duration=778, requestId=06156b7f-3c01-4501-8d11-13fdde3b1b65 ]  INFO 14580 --- [nio-8080-exec-3] com.revature.filters.DurationFilter      : Request has finished processing and took 778 ms
2022-06-03 02:34:43.818 [ duration=163, requestId=484f350f-c6d6-4a43-9084-d40774f9138a ]  INFO 14580 --- [nio-8080-exec-4] com.revature.filters.DurationFilter      : Request has finished processing and took 163 ms
2022-06-03 02:35:57.738 [ duration=18, requestId=67db60c1-e0c8-42cb-a2da-79b3ed01e0e3 ]  INFO 14580 --- [nio-8080-exec-6] com.revature.filters.DurationFilter      : Request has finished processing and took 18 ms
2022-06-03 02:36:09.734 [ duration=16, requestId=b98915ea-9b3c-4d70-b728-7c59b8840cf3 ]  INFO 14580 --- [nio-8080-exec-7] com.revature.filters.DurationFilter      : Request has finished processing and took 16 ms
2022-06-03 02:41:34.451 [  ]  INFO 6624 --- [  restartedMain] c.r.LogAggregationDemoApplication        : Starting LogAggregationDemoApplication using Java 11.0.14 on DESKTOP-KGEO7D0 with PID 6624 (C:\Users\Andrew Anderson\Dropbox\Revature\p1\logaggregationdemo\target\classes started by Andrew Anderson in C:\Users\Andrew Anderson\Dropbox\Revature\p1\logaggregationdemo)
2022-06-03 02:41:36.499 [  ]  INFO 6624 --- [  restartedMain] c.r.LogAggregationDemoApplication        : No active profile set, falling back to default profiles: default
2022-06-03 02:41:55.528 [  ]  INFO 6624 --- [  restartedMain] c.r.LogAggregationDemoApplication        : Started LogAggregationDemoApplication in 24.507 seconds (JVM running for 27.14)
2022-06-03 02:42:07.595 [ duration=1319, requestId=a491414a-2bb2-40c0-951c-1f29b7af4c37 ]  INFO 6624 --- [io-8080-exec-10] com.revature.filters.DurationFilter      : Request has finished processing and took 1319 ms
2022-06-03 02:42:16.159 [ duration=130, requestId=16f5739e-a5c1-48b9-a753-d32e3715a7e6 ]  INFO 6624 --- [nio-8080-exec-8] com.revature.filters.DurationFilter      : Request has finished processing and took 130 ms
2022-06-03 02:42:46.081 [ duration=77, requestId=5cfa1b0b-9b6b-4f71-bbb5-233a712dac3e ]  INFO 6624 --- [nio-8080-exec-7] com.revature.filters.DurationFilter      : Request has finished processing and took 77 ms
2022-06-03 09:46:33.783 [  ]  INFO 14236 --- [  restartedMain] c.r.LogAggregationDemoApplication        : Starting LogAggregationDemoApplication using Java 11.0.14 on DESKTOP-KGEO7D0 with PID 14236 (C:\Users\Andrew Anderson\Dropbox\Revature\p1\logaggregationdemo\target\classes started by Andrew Anderson in C:\Users\Andrew Anderson\Dropbox\Revature\p1\logaggregationdemo)
2022-06-03 09:46:35.863 [  ]  INFO 14236 --- [  restartedMain] c.r.LogAggregationDemoApplication        : No active profile set, falling back to default profiles: default
2022-06-03 13:15:02.529 [  ]  INFO 15672 --- [  restartedMain] c.r.LogAggregationDemoApplication        : Starting LogAggregationDemoApplication using Java 11.0.14 on DESKTOP-KGEO7D0 with PID 15672 (C:\Users\Andrew Anderson\Dropbox\Revature\p1\logaggregationdemo\target\classes started by Andrew Anderson in c:\Users\Andrew Anderson\Dropbox\Revature\p1\logaggregationdemo)
2022-06-03 13:15:04.579 [  ]  INFO 15672 --- [  restartedMain] c.r.LogAggregationDemoApplication        : No active profile set, falling back to default profiles: default
2022-06-03 13:15:32.987 [  ]  INFO 15672 --- [  restartedMain] c.r.LogAggregationDemoApplication        : Started LogAggregationDemoApplication in 33.721 seconds (JVM running for 38.012)
2022-06-03 13:15:39.709 [ duration=1819, requestId=5a0c4215-50cc-47db-8b5d-abddcc5dd336 ]  INFO 15672 --- [nio-8080-exec-1] com.revature.filters.DurationFilter      : Request has finished processing and took 1819 ms
2022-06-03 13:16:43.630 [ duration=17695, requestId=866d47d6-8e06-48f0-9e7f-8b9434b3381f ]  INFO 15672 --- [nio-8080-exec-3] com.revature.filters.DurationFilter      : Request has finished processing and took 17695 ms
2022-06-03 13:17:54.367 [ duration=16, requestId=cc899d0b-e84c-42c2-aadc-ac3706b13ad0 ]  INFO 15672 --- [nio-8080-exec-6] com.revature.filters.DurationFilter      : Request has finished processing and took 16 ms
2022-06-03 13:18:45.371 [ duration=9, requestId=1398536c-a17d-4aa5-8d9b-edbe3e16694b ]  INFO 15672 --- [nio-8080-exec-7] com.revature.filters.DurationFilter      : Request has finished processing and took 9 ms
2022-06-03 13:38:50.140 [  ]  INFO 16312 --- [  restartedMain] c.r.LogAggregationDemoApplication        : Starting LogAggregationDemoApplication using Java 11.0.14 on DESKTOP-KGEO7D0 with PID 16312 (C:\Users\Andrew Anderson\Dropbox\Revature\p1\logaggregationdemo\target\classes started by Andrew Anderson in C:\Users\Andrew Anderson\Dropbox\Revature\p1\logaggregationdemo)
2022-06-03 13:38:52.320 [  ]  INFO 16312 --- [  restartedMain] c.r.LogAggregationDemoApplication        : No active profile set, falling back to default profiles: default
2022-06-03 13:39:15.976 [  ]  INFO 16312 --- [  restartedMain] c.r.LogAggregationDemoApplication        : Started LogAggregationDemoApplication in 29.903 seconds (JVM running for 34.035)
2022-06-03 13:39:27.238 [ duration=2393, requestId=cbd11d4e-f7a0-4175-a722-d1cab81b4653 ]  INFO 16312 --- [nio-8080-exec-1] com.revature.filters.DurationFilter      : Request has finished processing and took 2393 ms
2022-06-03 13:39:44.872 [ duration=12636, requestId=d8277050-8d6b-4c8d-8700-8d34c88b9b78 ]  INFO 16312 --- [nio-8080-exec-3] com.revature.filters.DurationFilter      : Request has finished processing and took 12636 ms
2022-06-03 13:42:27.945 [  ]  INFO 17760 --- [  restartedMain] c.r.LogAggregationDemoApplication        : Starting LogAggregationDemoApplication using Java 11.0.14 on DESKTOP-KGEO7D0 with PID 17760 (C:\Users\Andrew Anderson\Dropbox\Revature\p1\logaggregationdemo\target\classes started by Andrew Anderson in c:\Users\Andrew Anderson\Dropbox\Revature\p1\logaggregationdemo)
2022-06-03 13:42:29.971 [  ]  INFO 17760 --- [  restartedMain] c.r.LogAggregationDemoApplication        : No active profile set, falling back to default profiles: default
2022-06-03 13:42:49.196 [  ]  INFO 17760 --- [  restartedMain] c.r.LogAggregationDemoApplication        : Started LogAggregationDemoApplication in 24.273 seconds (JVM running for 27.693)
2022-06-03 13:43:47.141 [ duration=1923, requestId=fb85148a-4b28-49b9-bfe2-028801ba83dc ]  INFO 17760 --- [nio-8080-exec-2] com.revature.filters.DurationFilter      : Request has finished processing and took 1923 ms
2022-06-03 13:43:51.969 [ duration=141, requestId=0e4d917a-f242-4e01-bfd3-a4ac6c33b0c5 ]  INFO 17760 --- [nio-8080-exec-3] com.revature.filters.DurationFilter      : Request has finished processing and took 141 ms
2022-06-03 13:45:42.670 [  ]  INFO 14236 --- [  restartedMain] c.r.LogAggregationDemoApplication        : Starting LogAggregationDemoApplication using Java 11.0.14 on DESKTOP-KGEO7D0 with PID 14236 (C:\Users\Andrew Anderson\Dropbox\Revature\p1\logaggregationdemo\target\classes started by Andrew Anderson in C:\Users\Andrew Anderson\Dropbox\Revature\p1\logaggregationdemo)
2022-06-03 13:45:44.697 [  ]  INFO 14236 --- [  restartedMain] c.r.LogAggregationDemoApplication        : No active profile set, falling back to default profiles: default
2022-06-03 13:48:54.794 [  ]  INFO 13208 --- [  restartedMain] c.r.LogAggregationDemoApplication        : Starting LogAggregationDemoApplication using Java 11.0.14 on DESKTOP-KGEO7D0 with PID 13208 (C:\Users\Andrew Anderson\Dropbox\Revature\p1\logaggregationdemo\target\classes started by Andrew Anderson in c:\Users\Andrew Anderson\Dropbox\Revature\p1\logaggregationdemo)
2022-06-03 13:48:56.830 [  ]  INFO 13208 --- [  restartedMain] c.r.LogAggregationDemoApplication        : No active profile set, falling back to default profiles: default
2022-06-03 13:49:13.091 [  ]  INFO 13208 --- [  restartedMain] c.r.LogAggregationDemoApplication        : Started LogAggregationDemoApplication in 21.216 seconds (JVM running for 24.244)
2022-06-03 14:16:25.955 [ duration=141, requestId=560dd8f5-81eb-4d55-988d-96159e0b1b15 ]  INFO 13208 --- [nio-8080-exec-2] com.revature.filters.DurationFilter      : Request has finished processing and took 141 ms
2022-06-03 14:16:36.802 [ duration=2192, requestId=51b838ee-b9cc-49b6-a639-3b7276899325 ]  INFO 13208 --- [nio-8080-exec-4] com.revature.filters.DurationFilter      : Request has finished processing and took 2192 ms
2022-06-03 14:33:40.059 [  ]  INFO 13208 --- [  restartedMain] c.r.LogAggregationDemoApplication        : Starting LogAggregationDemoApplication using Java 11.0.14 on DESKTOP-KGEO7D0 with PID 13208 (C:\Users\Andrew Anderson\Dropbox\Revature\p1\logaggregationdemo\target\classes started by Andrew Anderson in c:\Users\Andrew Anderson\Dropbox\Revature\p1\logaggregationdemo)
2022-06-03 14:33:42.064 [  ]  INFO 13208 --- [  restartedMain] c.r.LogAggregationDemoApplication        : No active profile set, falling back to default profiles: default
2022-06-03 14:33:49.356 [  ]  INFO 13208 --- [  restartedMain] c.r.LogAggregationDemoApplication        : Started LogAggregationDemoApplication in 11.788 seconds (JVM running for 2700.509)
2022-06-03 14:34:16.991 [  ]  INFO 13908 --- [  restartedMain] c.r.LogAggregationDemoApplication        : Starting LogAggregationDemoApplication using Java 11.0.14 on DESKTOP-KGEO7D0 with PID 13908 (C:\Users\Andrew Anderson\Dropbox\Revature\p1\logaggregationdemo\target\classes started by Andrew Anderson in C:\Users\Andrew Anderson\Dropbox\Revature\p1\logaggregationdemo)
2022-06-03 14:34:19.048 [  ]  INFO 13908 --- [  restartedMain] c.r.LogAggregationDemoApplication        : No active profile set, falling back to default profiles: default
2022-06-03 14:34:43.857 [  ]  INFO 13908 --- [  restartedMain] c.r.LogAggregationDemoApplication        : Started LogAggregationDemoApplication in 30.889 seconds (JVM running for 34.393)
2022-06-03 14:37:22.285 [  ]  INFO 11068 --- [  restartedMain] c.r.LogAggregationDemoApplication        : Starting LogAggregationDemoApplication using Java 11.0.14 on DESKTOP-KGEO7D0 with PID 11068 (C:\Users\Andrew Anderson\Dropbox\Revature\p1\logaggregationdemo\target\classes started by Andrew Anderson in c:\Users\Andrew Anderson\Dropbox\Revature\p1\logaggregationdemo)
2022-06-03 14:37:24.318 [  ]  INFO 11068 --- [  restartedMain] c.r.LogAggregationDemoApplication        : No active profile set, falling back to default profiles: default
2022-06-03 14:39:38.484 [  ]  INFO 19144 --- [  restartedMain] c.r.LogAggregationDemoApplication        : Starting LogAggregationDemoApplication using Java 11.0.14 on DESKTOP-KGEO7D0 with PID 19144 (C:\Users\Andrew Anderson\Dropbox\Revature\p1\logaggregationdemo\target\classes started by Andrew Anderson in c:\Users\Andrew Anderson\Dropbox\Revature\p1\logaggregationdemo)
2022-06-03 14:39:40.526 [  ]  INFO 19144 --- [  restartedMain] c.r.LogAggregationDemoApplication        : No active profile set, falling back to default profiles: default
2022-06-03 14:42:52.894 [  ]  INFO 2288 --- [  restartedMain] c.r.LogAggregationDemoApplication        : Starting LogAggregationDemoApplication using Java 11.0.14 on DESKTOP-KGEO7D0 with PID 2288 (C:\Users\Andrew Anderson\Dropbox\Revature\p1\logaggregationdemo\target\classes started by Andrew Anderson in c:\Users\Andrew Anderson\Dropbox\Revature\p1\logaggregationdemo)
2022-06-03 14:42:54.956 [  ]  INFO 2288 --- [  restartedMain] c.r.LogAggregationDemoApplication        : No active profile set, falling back to default profiles: default
2022-06-03 14:44:13.164 [  ]  INFO 6776 --- [  restartedMain] c.r.LogAggregationDemoApplication        : Starting LogAggregationDemoApplication using Java 11.0.14 on DESKTOP-KGEO7D0 with PID 6776 (C:\Users\Andrew Anderson\Dropbox\Revature\p1\logaggregationdemo\target\classes started by Andrew Anderson in c:\Users\Andrew Anderson\Dropbox\Revature\p1\logaggregationdemo)
2022-06-03 14:44:15.189 [  ]  INFO 6776 --- [  restartedMain] c.r.LogAggregationDemoApplication        : No active profile set, falling back to default profiles: default
2022-06-03 14:44:34.210 [  ]  INFO 6776 --- [  restartedMain] c.r.LogAggregationDemoApplication        : Started LogAggregationDemoApplication in 24.161 seconds (JVM running for 28.378)
2022-06-03 14:44:59.855 [ duration=3259, requestId=7f4644e2-b29b-44e7-a65a-a180c3fa8ab5 ]  INFO 6776 --- [nio-8080-exec-1] com.revature.filters.DurationFilter      : Request has finished processing and took 3259 ms
2022-06-03 14:45:16.943 [ duration=300, requestId=2dec01da-8cf3-43af-9dfa-6e8b1f54acda ]  INFO 6776 --- [nio-8080-exec-3] com.revature.filters.DurationFilter      : Request has finished processing and took 300 ms
2022-06-03 14:45:25.681 [ duration=129, requestId=32a9e65e-6413-4d1c-957f-78b950a9cdaa ]  INFO 6776 --- [nio-8080-exec-5] com.revature.filters.DurationFilter      : Request has finished processing and took 129 ms
2022-06-03 14:52:41.723 [  ]  INFO 16908 --- [  restartedMain] c.r.LogAggregationDemoApplication        : Starting LogAggregationDemoApplication using Java 11.0.14 on DESKTOP-KGEO7D0 with PID 16908 (C:\Users\Andrew Anderson\Dropbox\Revature\p1\logaggregationdemo\target\classes started by Andrew Anderson in C:\Users\Andrew Anderson\Dropbox\Revature\p1\logaggregationdemo)
2022-06-03 14:52:43.750 [  ]  INFO 16908 --- [  restartedMain] c.r.LogAggregationDemoApplication        : No active profile set, falling back to default profiles: default
2022-06-03 14:55:21.973 [  ]  INFO 10852 --- [  restartedMain] c.r.LogAggregationDemoApplication        : Starting LogAggregationDemoApplication using Java 11.0.14 on DESKTOP-KGEO7D0 with PID 10852 (C:\Users\Andrew Anderson\Dropbox\Revature\p1\logaggregationdemo\target\classes started by Andrew Anderson in c:\Users\Andrew Anderson\Dropbox\Revature\p1\logaggregationdemo)
2022-06-03 14:55:24.005 [  ]  INFO 10852 --- [  restartedMain] c.r.LogAggregationDemoApplication        : No active profile set, falling back to default profiles: default
2022-06-03 14:55:46.360 [  ]  INFO 10852 --- [  restartedMain] c.r.LogAggregationDemoApplication        : Started LogAggregationDemoApplication in 27.589 seconds (JVM running for 31.077)
2022-06-03 14:56:22.684 [ duration=3072, requestId=c50f4f7a-dc98-4bd0-aae5-81e333113b0b ]  INFO 10852 --- [nio-8080-exec-1] com.revature.filters.DurationFilter      : Request has finished processing and took 3072 ms
2022-06-03 14:56:35.364 [ duration=176, requestId=08e11347-2526-4b8f-a836-b6de1df437c6 ]  INFO 10852 --- [nio-8080-exec-3] com.revature.filters.DurationFilter      : Request has finished processing and took 176 ms
2022-06-03 14:56:47.825 [ duration=268, requestId=417141c9-bcf2-4598-84cb-4a55bc97550f ]  INFO 10852 --- [nio-8080-exec-4] com.revature.filters.DurationFilter      : Request has finished processing and took 268 ms
2022-06-03 14:56:54.473 [ duration=15, requestId=f014e89d-d7b8-46fb-8101-9e8b5fec6af7 ]  INFO 10852 --- [nio-8080-exec-5] com.revature.filters.DurationFilter      : Request has finished processing and took 15 ms
2022-06-03 15:16:14.440 [  ]  INFO 1952 --- [  restartedMain] c.r.LogAggregationDemoApplication        : Starting LogAggregationDemoApplication using Java 11.0.14 on DESKTOP-KGEO7D0 with PID 1952 (C:\Users\Andrew Anderson\Dropbox\Revature\p1\logaggregationdemo\target\classes started by Andrew Anderson in C:\Users\Andrew Anderson\Dropbox\Revature\p1\logaggregationdemo)
2022-06-03 15:16:16.473 [  ]  INFO 1952 --- [  restartedMain] c.r.LogAggregationDemoApplication        : No active profile set, falling back to default profiles: default
2022-06-03 15:16:40.372 [  ]  INFO 1952 --- [  restartedMain] c.r.LogAggregationDemoApplication        : Started LogAggregationDemoApplication in 29.37 seconds (JVM running for 32.186)
2022-06-03 15:17:53.322 [ duration=3093, requestId=e63b47c6-86dc-4620-942e-29499904e853 ]  INFO 1952 --- [nio-8080-exec-2] com.revature.filters.DurationFilter      : Request has finished processing and took 3093 ms
2022-06-03 15:20:08.284 [ duration=222, requestId=e1adb5fc-e457-4f68-b3d1-6be486d87d6c ]  INFO 1952 --- [nio-8080-exec-5] com.revature.filters.DurationFilter      : Request has finished processing and took 222 ms
2022-06-03 15:20:17.799 [ duration=39, requestId=6df483ee-7d60-4ab5-9c05-5f0f65c125b0 ]  INFO 1952 --- [nio-8080-exec-6] com.revature.filters.DurationFilter      : Request has finished processing and took 39 ms
2022-06-03 15:20:22.015 [ duration=89, requestId=21d57ce5-3f63-40fc-9597-554f4805bf0f ]  INFO 1952 --- [nio-8080-exec-7] com.revature.filters.DurationFilter      : Request has finished processing and took 89 ms
2022-06-03 15:44:18.200 [  ]  INFO 17640 --- [  restartedMain] c.r.LogAggregationDemoApplication        : Starting LogAggregationDemoApplication using Java 11.0.14 on DESKTOP-KGEO7D0 with PID 17640 (C:\Users\Andrew Anderson\Dropbox\Revature\p1\logaggregationdemo\target\classes started by Andrew Anderson in C:\Users\Andrew Anderson\Dropbox\Revature\p1\logaggregationdemo)
2022-06-03 15:44:20.664 [  ]  INFO 17640 --- [  restartedMain] c.r.LogAggregationDemoApplication        : No active profile set, falling back to default profiles: default
2022-06-03 15:44:48.780 [  ]  INFO 17640 --- [  restartedMain] c.r.LogAggregationDemoApplication        : Started LogAggregationDemoApplication in 34.472 seconds (JVM running for 38.945)
2022-06-03 16:54:47.029 [  ]  INFO 7764 --- [  restartedMain] c.r.LogAggregationDemoApplication        : Starting LogAggregationDemoApplication using Java 11.0.14 on DESKTOP-KGEO7D0 with PID 7764 (C:\Users\Andrew Anderson\Dropbox\Revature\p1\logaggregationdemo\target\classes started by Andrew Anderson in c:\Users\Andrew Anderson\Dropbox\Revature\p1\logaggregationdemo)
2022-06-03 16:54:49.258 [  ]  INFO 7764 --- [  restartedMain] c.r.LogAggregationDemoApplication        : No active profile set, falling back to default profiles: default
2022-06-03 16:55:23.634 [  ]  INFO 17804 --- [           main] c.r.LogAggregationDemoApplicationTests   : Starting LogAggregationDemoApplicationTests using Java 11.0.14 on DESKTOP-KGEO7D0 with PID 17804 (started by Andrew Anderson in C:\Users\Andrew Anderson\Dropbox\Revature\p1\logaggregationdemo)
2022-06-03 16:55:26.071 [  ]  INFO 17804 --- [           main] c.r.LogAggregationDemoApplicationTests   : No active profile set, falling back to default profiles: default
2022-06-03 16:55:29.863 [  ]  INFO 7764 --- [  restartedMain] c.r.LogAggregationDemoApplication        : Started LogAggregationDemoApplication in 49.764 seconds (JVM running for 69.638)
2022-06-03 16:56:00.662 [  ]  INFO 17804 --- [           main] c.r.LogAggregationDemoApplicationTests   : Started LogAggregationDemoApplicationTests in 40.49 seconds (JVM running for 48.034)
2022-06-03 16:57:38.664 [  ]  INFO 7764 --- [  restartedMain] c.r.LogAggregationDemoApplication        : Starting LogAggregationDemoApplication using Java 11.0.14 on DESKTOP-KGEO7D0 with PID 7764 (C:\Users\Andrew Anderson\Dropbox\Revature\p1\logaggregationdemo\target\classes started by Andrew Anderson in c:\Users\Andrew Anderson\Dropbox\Revature\p1\logaggregationdemo)
2022-06-03 16:57:40.699 [  ]  INFO 7764 --- [  restartedMain] c.r.LogAggregationDemoApplication        : No active profile set, falling back to default profiles: default
2022-06-03 16:57:51.932 [  ]  INFO 7764 --- [  restartedMain] c.r.LogAggregationDemoApplication        : Started LogAggregationDemoApplication in 13.538 seconds (JVM running for 211.708)
2022-06-03 16:59:20.859 [  ]  INFO 7764 --- [  restartedMain] c.r.LogAggregationDemoApplication        : Starting LogAggregationDemoApplication using Java 11.0.14 on DESKTOP-KGEO7D0 with PID 7764 (C:\Users\Andrew Anderson\Dropbox\Revature\p1\logaggregationdemo\target\classes started by Andrew Anderson in c:\Users\Andrew Anderson\Dropbox\Revature\p1\logaggregationdemo)
2022-06-03 16:59:23.205 [  ]  INFO 7764 --- [  restartedMain] c.r.LogAggregationDemoApplication        : No active profile set, falling back to default profiles: default
2022-06-03 16:59:38.852 [  ]  INFO 7764 --- [  restartedMain] c.r.LogAggregationDemoApplication        : Started LogAggregationDemoApplication in 20.637 seconds (JVM running for 318.628)
2022-06-03 16:59:49.961 [  ]  INFO 3508 --- [           main] c.r.LogAggregationDemoApplicationTests   : Starting LogAggregationDemoApplicationTests using Java 11.0.14 on DESKTOP-KGEO7D0 with PID 3508 (started by Andrew Anderson in C:\Users\Andrew Anderson\Dropbox\Revature\p1\logaggregationdemo)
2022-06-03 16:59:52.122 [  ]  INFO 3508 --- [           main] c.r.LogAggregationDemoApplicationTests   : No active profile set, falling back to default profiles: default
2022-06-03 17:00:26.545 [  ]  INFO 3508 --- [           main] c.r.LogAggregationDemoApplicationTests   : Started LogAggregationDemoApplicationTests in 39.708 seconds (JVM running for 46.073)
2022-06-03 17:28:28.612 [  ]  INFO 7268 --- [           main] c.r.LogAggregationDemoApplicationTests   : Starting LogAggregationDemoApplicationTests using Java 11.0.14 on DESKTOP-KGEO7D0 with PID 7268 (started by Andrew Anderson in C:\Users\Andrew Anderson\Dropbox\Revature\p1\logaggregationdemo)
2022-06-03 17:28:30.645 [  ]  INFO 7268 --- [           main] c.r.LogAggregationDemoApplicationTests   : No active profile set, falling back to default profiles: default
2022-06-03 17:29:01.703 [  ]  INFO 7268 --- [           main] c.r.LogAggregationDemoApplicationTests   : Started LogAggregationDemoApplicationTests in 36.206 seconds (JVM running for 40.587)
